<?xml version="1.0" encoding="UTF-8"?>
<testng-results ignored="0" total="1" passed="1" failed="0" skipped="0">
  <reporter-output>
  </reporter-output>
  <suite started-at="2025-05-07T19:16:55 IST" name="Suite" finished-at="2025-05-07T19:17:05 IST" duration-ms="10666">
    <groups>
    </groups>
    <test started-at="2025-05-07T19:16:55 IST" name="ChromeTest" finished-at="2025-05-07T19:17:05 IST" duration-ms="10666">
      <class name="testCases.TC004_EndtoEndTestcase">
        <test-method is-config="true" signature="OpenBrowser(java.lang.String,java.lang.String)[pri:0, instance:testCases.TC004_EndtoEndTestcase@65b104b9]" started-at="2025-05-07T19:16:55 IST" name="OpenBrowser" finished-at="2025-05-07T19:16:59 IST" duration-ms="3859" status="PASS">
          <params>
            <param index="0">
              <value>
                <![CDATA[chrome]]>
              </value>
            </param>
            <param index="1">
              <value>
                <![CDATA[windows]]>
              </value>
            </param>
          </params>
          <reporter-output>
          </reporter-output>
        </test-method> <!-- OpenBrowser -->
        <test-method signature="testEndtoEnd()[pri:0, instance:testCases.TC004_EndtoEndTestcase@65b104b9]" started-at="2025-05-07T19:16:59 IST" name="testEndtoEnd" finished-at="2025-05-07T19:17:05 IST" duration-ms="6141" status="PASS">
          <reporter-output>
          </reporter-output>
        </test-method> <!-- testEndtoEnd -->
        <test-method is-config="true" signature="tearDown()[pri:0, instance:testCases.TC004_EndtoEndTestcase@65b104b9]" started-at="2025-05-07T19:17:05 IST" name="tearDown" finished-at="2025-05-07T19:17:05 IST" duration-ms="298" status="PASS">
          <reporter-output>
          </reporter-output>
        </test-method> <!-- tearDown -->
      </class> <!-- testCases.TC004_EndtoEndTestcase -->
    </test> <!-- ChromeTest -->
  </suite> <!-- Suite -->
</testng-results>
