<?xml version="1.0" encoding="UTF-8"?>
<testng-results ignored="0" total="1" passed="1" failed="0" skipped="0">
  <reporter-output>
  </reporter-output>
  <suite started-at="2025-05-02T16:58:34 IST" name="Suite" finished-at="2025-05-02T16:58:42 IST" duration-ms="7690">
    <groups>
      <group name="sanity">
        <method signature="TC003_LoginTest.testLogin()[pri:0, instance:testCases.TC003_LoginTest@5a1de7fb]" name="testLogin" class="testCases.TC003_LoginTest"/>
      </group> <!-- sanity -->
      <group name="Regresssion">
        <method signature="TC003_LoginTest.testLogin()[pri:0, instance:testCases.TC003_LoginTest@5a1de7fb]" name="testLogin" class="testCases.TC003_LoginTest"/>
      </group> <!-- Regresssion -->
    </groups>
    <test started-at="2025-05-02T16:58:34 IST" name="ChromeTest" finished-at="2025-05-02T16:58:42 IST" duration-ms="7690">
      <class name="testCases.TC003_LoginTest">
        <test-method is-config="true" signature="OpenBrowser(java.lang.String,java.lang.String)[pri:0, instance:testCases.TC003_LoginTest@5a1de7fb]" started-at="2025-05-02T16:58:35 IST" name="OpenBrowser" finished-at="2025-05-02T16:58:39 IST" duration-ms="4544" status="PASS">
          <params>
            <param index="0">
              <value>
                <![CDATA[chrome]]>
              </value>
            </param>
            <param index="1">
              <value>
                <![CDATA[windows]]>
              </value>
            </param>
          </params>
          <reporter-output>
          </reporter-output>
        </test-method> <!-- OpenBrowser -->
        <test-method signature="testLogin()[pri:0, instance:testCases.TC003_LoginTest@5a1de7fb]" started-at="2025-05-02T16:58:39 IST" name="testLogin" finished-at="2025-05-02T16:58:42 IST" duration-ms="2321" status="PASS">
          <reporter-output>
          </reporter-output>
        </test-method> <!-- testLogin -->
        <test-method is-config="true" signature="tearDown()[pri:0, instance:testCases.TC003_LoginTest@5a1de7fb]" started-at="2025-05-02T16:58:42 IST" name="tearDown" finished-at="2025-05-02T16:58:42 IST" duration-ms="397" status="PASS">
          <reporter-output>
          </reporter-output>
        </test-method> <!-- tearDown -->
      </class> <!-- testCases.TC003_LoginTest -->
    </test> <!-- ChromeTest -->
  </suite> <!-- Suite -->
</testng-results>
